<?xml version="1.0" encoding="UTF-8"?>
<!-- Generated by org.testng.reporters.JUnitXMLReporter -->
<testsuite hostname="Reinaldos-MacBook-Pro.local" ignored="0" name="Test" tests="2" failures="2" timestamp="01 Mar 2019 05:26:21 GMT" time="0.452" errors="0">
  <testcase name="feature" time="0.127" classname="cucumber.api.testng.AbstractTestNGCucumberTests">
    <failure type="cucumber.runtime.CucumberException" message="java.lang.NullPointerException">
      <![CDATA[cucumber.runtime.CucumberException: java.lang.NullPointerException
at cucumber.api.testng.TestNGCucumberRunner.runCucumber(TestNGCucumberRunner.java:69)
at cucumber.api.testng.AbstractTestNGCucumberTests.feature(AbstractTestNGCucumberTests.java:21)
Caused by: java.lang.NullPointerException
at com.cucumber.listener.Reporter.assignAuthor(Reporter.java:148)
at stepDefinition.stepDefinition.initialize_browser_with_chrome(stepDefinition.java:20)
at ✽.Given Initialize browser with chrome(carValue.feature:4)
... Removed 25 stack frames]]>
    </failure>
  </testcase> <!-- feature -->
  <testcase name="feature" time="0.018" classname="cucumber.api.testng.AbstractTestNGCucumberTests">
    <failure type="cucumber.runtime.CucumberException" message="java.lang.NullPointerException">
      <![CDATA[cucumber.runtime.CucumberException: java.lang.NullPointerException
at cucumber.api.testng.TestNGCucumberRunner.runCucumber(TestNGCucumberRunner.java:69)
at cucumber.api.testng.AbstractTestNGCucumberTests.feature(AbstractTestNGCucumberTests.java:21)
Caused by: java.lang.NullPointerException
at com.cucumber.listener.Reporter.assignAuthor(Reporter.java:148)
at stepDefinition.stepDefinition.initialize_browser_with_chrome(stepDefinition.java:20)
at ✽.Given Initialize browser with chrome(login.feature:4)
... Removed 25 stack frames]]>
    </failure>
  </testcase> <!-- feature -->
</testsuite> <!-- Test -->
